<?xml version="1.0" encoding="UTF-8"?>
<!-- Generated by org.testng.reporters.JUnitXMLReporter -->
<testsuite ignored="0" hostname="Umesh" failures="0" tests="6" name="Default test" time="23.321" errors="0" timestamp="2023-04-05T18:51:40 IST">
  <testcase classname="api.test.DDTests" name="testPostUser" time="4.668"/>
  <testcase classname="api.test.DDTests" name="testPostUser" time="2.5"/>
  <testcase classname="api.test.DDTests" name="testPostUser" time="3.213"/>
  <testcase classname="api.test.DDTests" name="testDeleteUserByNames" time="6.085"/>
  <testcase classname="api.test.DDTests" name="testDeleteUserByNames" time="2.547"/>
  <testcase classname="api.test.DDTests" name="testDeleteUserByNames" time="2.548"/>
</testsuite> <!-- Default test -->
