<?xml version="1.0" encoding="UTF-8"?>
<testng-results ignored="0" total="4" passed="4" failed="0" skipped="0">
  <reporter-output>
  </reporter-output>
  <suite started-at="2023-04-19T11:23:15 IST" name="PetSuite" finished-at="2023-04-19T11:24:05 IST" duration-ms="50586">
    <groups>
    </groups>
    <test started-at="2023-04-19T11:23:15 IST" name="PetTest" finished-at="2023-04-19T11:24:05 IST" duration-ms="50586">
      <class name="api.test.UserTests2">
        <test-method is-config="true" signature="setup()[pri:0, instance:api.test.UserTests2@481a996b]" started-at="2023-04-19T11:23:15 IST" name="setup" finished-at="2023-04-19T11:23:15 IST" duration-ms="463" status="PASS">
          <reporter-output>
          </reporter-output>
        </test-method> <!-- setup -->
        <test-method signature="testPostUser()[pri:1, instance:api.test.UserTests2@481a996b]" started-at="2023-04-19T11:23:15 IST" name="testPostUser" finished-at="2023-04-19T11:23:42 IST" duration-ms="26985" status="PASS">
          <reporter-output>
          </reporter-output>
        </test-method> <!-- testPostUser -->
        <test-method signature="testGetUserByName()[pri:2, instance:api.test.UserTests2@481a996b]" started-at="2023-04-19T11:23:42 IST" name="testGetUserByName" finished-at="2023-04-19T11:23:47 IST" duration-ms="4281" status="PASS">
          <reporter-output>
          </reporter-output>
        </test-method> <!-- testGetUserByName -->
        <test-method signature="testUpdateUserByName()[pri:3, instance:api.test.UserTests2@481a996b]" started-at="2023-04-19T11:23:47 IST" name="testUpdateUserByName" finished-at="2023-04-19T11:23:54 IST" duration-ms="7172" status="PASS">
          <reporter-output>
          </reporter-output>
        </test-method> <!-- testUpdateUserByName -->
        <test-method signature="testDeleteUserByName()[pri:4, instance:api.test.UserTests2@481a996b]" started-at="2023-04-19T11:23:54 IST" name="testDeleteUserByName" finished-at="2023-04-19T11:24:05 IST" duration-ms="11486" status="PASS">
          <reporter-output>
          </reporter-output>
        </test-method> <!-- testDeleteUserByName -->
      </class> <!-- api.test.UserTests2 -->
    </test> <!-- PetTest -->
  </suite> <!-- PetSuite -->
</testng-results>
