<?xml version="1.0" encoding="UTF-8"?>
<!-- Generated by org.testng.reporters.JUnitXMLReporter -->
<testsuite ignored="0" hostname="Umesh" failures="0" tests="4" name="PetTest" time="50.586" errors="0" timestamp="2023-04-19T11:24:06 IST">
  <testcase classname="api.test.UserTests2" name="testPostUser" time="26.985"/>
  <testcase classname="api.test.UserTests2" name="testGetUserByName" time="4.281"/>
  <testcase classname="api.test.UserTests2" name="testUpdateUserByName" time="7.172"/>
  <testcase classname="api.test.UserTests2" name="testDeleteUserByName" time="11.486"/>
</testsuite> <!-- PetTest -->
