<?xml version="1.0" encoding="UTF-8"?>
<!-- Generated by org.testng.reporters.JUnitXMLReporter -->
<testsuite ignored="0" hostname="Umesh" failures="0" tests="4" name="PetTest" time="30.104" errors="0" timestamp="2023-04-14T16:37:45 IST">
  <testcase classname="api.test.UserTests2" name="testPostUser" time="8.549"/>
  <testcase classname="api.test.UserTests2" name="testGetUserByName" time="6.417"/>
  <testcase classname="api.test.UserTests2" name="testUpdateUserByName" time="7.535"/>
  <testcase classname="api.test.UserTests2" name="testDeleteUserByName" time="5.089"/>
</testsuite> <!-- PetTest -->
